c:\users\avamdavav\desktop\seiko\cpp\obj\release\vc143.pdb
c:\users\avamdavav\desktop\seiko\cpp\obj\release\spotify_control.obj
c:\users\avamdavav\desktop\seiko\cpp\obj\release\jar_loader.obj
c:\users\avamdavav\desktop\seiko\cpp\obj\release\jni_helper.obj
c:\users\avamdavav\desktop\seiko\cpp\obj\release\main.obj
c:\users\avamdavav\desktop\seiko\cpp\bin\release\pewa.dll
c:\users\avamdavav\desktop\seiko\cpp\bin\release\pewa.pdb
c:\users\avamdavav\desktop\seiko\cpp\bin\release\pewa.lib
c:\users\avamdavav\desktop\seiko\cpp\bin\release\pewa.exp
c:\users\avamdavav\desktop\seiko\cpp\obj\release\pewa.ipdb
c:\users\avamdavav\desktop\seiko\cpp\obj\release\pewa.iobj
c:\users\avamdavav\desktop\seiko\cpp\obj\release\pewa.vcxproj.filelistabsolute.txt
c:\users\avamdavav\desktop\seiko\cpp\obj\release\pewa.tlog\cl.command.1.tlog
c:\users\avamdavav\desktop\seiko\cpp\obj\release\pewa.tlog\cl.items.tlog
c:\users\avamdavav\desktop\seiko\cpp\obj\release\pewa.tlog\cl.read.1.tlog
c:\users\avamdavav\desktop\seiko\cpp\obj\release\pewa.tlog\cl.write.1.tlog
c:\users\avamdavav\desktop\seiko\cpp\obj\release\pewa.tlog\link.command.1.tlog
c:\users\avamdavav\desktop\seiko\cpp\obj\release\pewa.tlog\link.read.1.tlog
c:\users\avamdavav\desktop\seiko\cpp\obj\release\pewa.tlog\link.secondary.1.tlog
c:\users\avamdavav\desktop\seiko\cpp\obj\release\pewa.tlog\link.write.1.tlog
